<?xml version="1.0" encoding="UTF-8"?>
<!-- Generated by org.testng.reporters.JUnitReportReporter -->
<testsuite hostname="CASTLE-QA9L" name="examples.Test3" tests="2" failures="0" timestamp="27 Mar 2014 07:27:56 GMT" time="0.008" errors="0">
  <testcase name="test1" time="0.001" classname="examples.Test3"/>
  <testcase name="test" time="0.007" classname="examples.Test3"/>
</testsuite> <!-- examples.Test3 -->
