<?xml version="1.0" encoding="UTF-8"?>
<!-- Generated by org.testng.reporters.JUnitReportReporter -->
<testsuite hostname="CASTLE-QA9L" name="examples.Test2" tests="4" failures="0" timestamp="27 Mar 2014 07:19:55 GMT" time="0.004" errors="0">
  <testcase name="test1" time="0.001" classname="examples.Test2"/>
  <testcase name="test2" time="0.001" classname="examples.Test2"/>
  <testcase name="test3" time="0.001" classname="examples.Test2"/>
  <testcase name="test" time="0.001" classname="examples.Test2"/>
</testsuite> <!-- examples.Test2 -->
