<?xml version="1.0" encoding="UTF-8"?>
<!-- Generated by org.testng.reporters.JUnitReportReporter -->
<testsuite hostname="SPARTANS-QA1L" name="examples.DPExample" tests="4" failures="0" timestamp="25 Mar 2014 11:38:57 GMT" time="0.013" errors="0">
  <testcase name="f" time="0.001" classname="examples.DPExample"/>
  <testcase name="f" time="0.000" classname="examples.DPExample"/>
  <testcase name="f" time="0.005" classname="examples.DPExample"/>
  <testcase name="f" time="0.007" classname="examples.DPExample"/>
</testsuite> <!-- examples.DPExample -->
