<?xml version="1.0" encoding="UTF-8"?>
<!-- Generated by org.testng.reporters.JUnitReportReporter -->
<testsuite hostname="CASTLE-QA9L" name="group1.Group1Test1" tests="1" failures="0" timestamp="27 Mar 2014 07:18:55 GMT" time="0.011" errors="0">
  <testcase name="test" time="0.011" classname="group1.Group1Test1"/>
</testsuite> <!-- group1.Group1Test1 -->
