<?xml version="1.0" encoding="UTF-8"?>
<!-- Generated by org.testng.reporters.JUnitReportReporter -->
<testsuite hostname="SPARTANS-QA1L" name="examples.Test5" tests="2" failures="0" timestamp="25 Mar 2014 07:31:10 GMT" time="0.001" errors="0">
  <testcase name="test2" time="0.001" classname="examples.Test5"/>
  <testcase name="test1" time="0.000" classname="examples.Test5"/>
</testsuite> <!-- examples.Test5 -->
