<?xml version="1.0" encoding="UTF-8"?>
<!-- Generated by org.testng.reporters.JUnitReportReporter -->
<testsuite hostname="SPARTANS-QA1L" name="examples.ParameterExample" tests="1" failures="0" timestamp="25 Mar 2014 10:01:19 GMT" time="0.009" errors="0">
  <testcase name="test" time="0.009" classname="examples.ParameterExample"/>
</testsuite> <!-- examples.ParameterExample -->
