<?xml version="1.0" encoding="UTF-8"?>
<!-- Generated by org.testng.reporters.JUnitReportReporter -->
<testsuite hostname="SPARTANS-QA1L" name="examples.Test4" tests="2" failures="0" timestamp="25 Mar 2014 11:30:22 GMT" time="0.006" errors="0">
  <testcase name="test1" time="0.005" classname="examples.Test4"/>
  <testcase name="test2" time="0.001" classname="examples.Test4"/>
</testsuite> <!-- examples.Test4 -->
